<?xml version="1.0" encoding="UTF-8"?>
<testsuites name="jest tests" tests="14" failures="0" errors="0" time="17.124">
  <testsuite name="VideoUploadsResolver" errors="0" failures="0" skipped="0" timestamp="2022-02-21T22:34:20" time="12.2" tests="1">
    <testcase classname="VideoUploadsResolver should be defined" name="VideoUploadsResolver should be defined" time="0.015">
    </testcase>
  </testsuite>
  <testsuite name="FlavorsService" errors="0" failures="0" skipped="0" timestamp="2022-02-21T22:34:32" time="0.325" tests="1">
    <testcase classname="FlavorsService should be defined" name="FlavorsService should be defined" time="0.005">
    </testcase>
  </testsuite>
  <testsuite name="Seeder Service" errors="0" failures="0" skipped="0" timestamp="2022-02-21T22:34:33" time="0.49" tests="1">
    <testcase classname="Seeder Service should be defined" name="Seeder Service should be defined" time="0.009">
    </testcase>
  </testsuite>
  <testsuite name="IngredientsService" errors="0" failures="0" skipped="0" timestamp="2022-02-21T22:34:33" time="0.404" tests="1">
    <testcase classname="IngredientsService should be defined" name="IngredientsService should be defined" time="0.005">
    </testcase>
  </testsuite>
  <testsuite name="VideoUploadsService" errors="0" failures="0" skipped="0" timestamp="2022-02-21T22:34:34" time="0.367" tests="1">
    <testcase classname="VideoUploadsService should be defined" name="VideoUploadsService should be defined" time="0.004">
    </testcase>
  </testsuite>
  <testsuite name="ThumbnailsResolver" errors="0" failures="0" skipped="0" timestamp="2022-02-21T22:34:34" time="0.372" tests="1">
    <testcase classname="ThumbnailsResolver should be defined" name="ThumbnailsResolver should be defined" time="0.004">
    </testcase>
  </testsuite>
  <testsuite name="ThumbnailsService" errors="0" failures="0" skipped="0" timestamp="2022-02-21T22:34:34" time="0.357" tests="1">
    <testcase classname="ThumbnailsService should be defined" name="ThumbnailsService should be defined" time="0.005">
    </testcase>
  </testsuite>
  <testsuite name="RecipesResolver" errors="0" failures="0" skipped="0" timestamp="2022-02-21T22:34:35" time="0.364" tests="1">
    <testcase classname="RecipesResolver should be defined" name="RecipesResolver should be defined" time="0.013">
    </testcase>
  </testsuite>
  <testsuite name="FlavorsResolver" errors="0" failures="0" skipped="0" timestamp="2022-02-21T22:34:35" time="0.462" tests="1">
    <testcase classname="FlavorsResolver should be defined" name="FlavorsResolver should be defined" time="0.004">
    </testcase>
  </testsuite>
  <testsuite name="RecipesService" errors="0" failures="0" skipped="0" timestamp="2022-02-21T22:34:36" time="0.274" tests="1">
    <testcase classname="RecipesService should be defined" name="RecipesService should be defined" time="0.005">
    </testcase>
  </testsuite>
  <testsuite name="GrocersService" errors="0" failures="0" skipped="0" timestamp="2022-02-21T22:34:36" time="0.274" tests="1">
    <testcase classname="GrocersService should be defined" name="GrocersService should be defined" time="0.005">
    </testcase>
  </testsuite>
  <testsuite name="GrocersResolver" errors="0" failures="0" skipped="0" timestamp="2022-02-21T22:34:36" time="0.361" tests="1">
    <testcase classname="GrocersResolver should be defined" name="GrocersResolver should be defined" time="0.006">
    </testcase>
  </testsuite>
  <testsuite name="IngredientsResolver" errors="0" failures="0" skipped="0" timestamp="2022-02-21T22:34:37" time="0.443" tests="1">
    <testcase classname="IngredientsResolver should be defined" name="IngredientsResolver should be defined" time="0.005">
    </testcase>
  </testsuite>
  <testsuite name="AwsS3UploaderService" errors="0" failures="0" skipped="0" timestamp="2022-02-21T22:34:37" time="0.179" tests="1">
    <testcase classname="AwsS3UploaderService should be defined" name="AwsS3UploaderService should be defined" time="0.005">
    </testcase>
  </testsuite>
</testsuites>